<?xml version="1.0" encoding="UTF-8"?>
<testng-results ignored="0" total="1" passed="1" failed="0" skipped="0">
  <reporter-output>
  </reporter-output>
  <suite started-at="2022-12-10T20:39:00 IST" name="Default suite" finished-at="2022-12-10T20:39:30 IST" duration-ms="30346">
    <groups>
    </groups>
    <test started-at="2022-12-10T20:39:00 IST" name="Default test" finished-at="2022-12-10T20:39:30 IST" duration-ms="30346">
      <class name="Stoodeo_Test.FornFill_up">
        <test-method is-config="true" signature="initialization()[pri:0, instance:Stoodeo_Test.FornFill_up@22ef9844]" started-at="2022-12-10T20:39:00 IST" name="initialization" finished-at="2022-12-10T20:39:11 IST" duration-ms="10810" status="PASS">
          <reporter-output>
          </reporter-output>
        </test-method> <!-- initialization -->
        <test-method signature="test()[pri:0, instance:Stoodeo_Test.FornFill_up@22ef9844]" started-at="2022-12-10T20:39:11 IST" name="test" finished-at="2022-12-10T20:39:27 IST" duration-ms="15976" status="PASS">
          <reporter-output>
          </reporter-output>
        </test-method> <!-- test -->
        <test-method is-config="true" signature="tearDown()[pri:0, instance:Stoodeo_Test.FornFill_up@22ef9844]" started-at="2022-12-10T20:39:27 IST" name="tearDown" finished-at="2022-12-10T20:39:30 IST" duration-ms="3506" status="PASS">
          <reporter-output>
          </reporter-output>
        </test-method> <!-- tearDown -->
      </class> <!-- Stoodeo_Test.FornFill_up -->
    </test> <!-- Default test -->
  </suite> <!-- Default suite -->
</testng-results>
